12:49:49,577 (main) INFO  [DataNucleus.Enhancer] - DataNucleus Enhancer (version 4.0.3) for API "JDO"
12:49:49,707 (main) INFO  [DataNucleus.Enhancer] - Writing class file "D:\EIDD\Genie Logiciel\TP\Map-Tagger\target\classes\com\glproject\map_tagger\dao\Map.class" with enhanced definition
12:49:49,712 (main) INFO  [DataNucleus.Enhancer] - Writing class file "D:\EIDD\Genie Logiciel\TP\Map-Tagger\target\classes\com\glproject\map_tagger\dao\Place.class" with enhanced definition
12:49:49,715 (main) INFO  [DataNucleus.Enhancer] - Writing class file "D:\EIDD\Genie Logiciel\TP\Map-Tagger\target\classes\com\glproject\map_tagger\dao\User.class" with enhanced definition
12:49:49,722 (main) INFO  [DataNucleus.Enhancer] - Writing class file "D:\EIDD\Genie Logiciel\TP\Map-Tagger\target\classes\com\glproject\map_tagger\dao\cont\MapContainer.class" with enhanced definition
12:49:49,725 (main) INFO  [DataNucleus.Enhancer] - Writing class file "D:\EIDD\Genie Logiciel\TP\Map-Tagger\target\classes\com\glproject\map_tagger\dao\cont\PlaceContainer.class" with enhanced definition
12:49:49,728 (main) INFO  [DataNucleus.Enhancer] - Writing class file "D:\EIDD\Genie Logiciel\TP\Map-Tagger\target\classes\com\glproject\map_tagger\dao\cont\UserContainer.class" with enhanced definition
12:49:49,728 (main) INFO  [DataNucleus.Enhancer] - DataNucleus Enhancer completed with success for 6 classes.
12:51:37,151 (main) INFO  [DataNucleus.Enhancer] - DataNucleus Enhancer (version 4.0.3) for API "JDO"
12:51:37,338 (main) INFO  [DataNucleus.Enhancer] - Class "com.glproject.map_tagger.dao.Map" is already enhanced.
12:51:37,339 (main) INFO  [DataNucleus.Enhancer] - Class "com.glproject.map_tagger.dao.Place" is already enhanced.
12:51:37,340 (main) INFO  [DataNucleus.Enhancer] - Class "com.glproject.map_tagger.dao.User" is already enhanced.
12:51:37,342 (main) INFO  [DataNucleus.Enhancer] - Class "com.glproject.map_tagger.dao.cont.MapContainer" is already enhanced.
12:51:37,344 (main) INFO  [DataNucleus.Enhancer] - Class "com.glproject.map_tagger.dao.cont.PlaceContainer" is already enhanced.
12:51:37,345 (main) INFO  [DataNucleus.Enhancer] - Class "com.glproject.map_tagger.dao.cont.UserContainer" is already enhanced.
12:51:37,345 (main) INFO  [DataNucleus.Enhancer] - DataNucleus Enhancer completed with success for 6 classes.
12:51:38,005 (main) INFO  [DataNucleus.Enhancer] - DataNucleus Enhancer (version 4.0.3) for API "JDO"
12:51:38,184 (main) INFO  [DataNucleus.Enhancer] - Class "com.glproject.map_tagger.dao.Map" is already enhanced.
12:51:38,186 (main) INFO  [DataNucleus.Enhancer] - Class "com.glproject.map_tagger.dao.Place" is already enhanced.
12:51:38,187 (main) INFO  [DataNucleus.Enhancer] - Class "com.glproject.map_tagger.dao.User" is already enhanced.
12:51:38,188 (main) INFO  [DataNucleus.Enhancer] - Class "com.glproject.map_tagger.dao.cont.MapContainer" is already enhanced.
12:51:38,190 (main) INFO  [DataNucleus.Enhancer] - Class "com.glproject.map_tagger.dao.cont.PlaceContainer" is already enhanced.
12:51:38,190 (main) INFO  [DataNucleus.Enhancer] - Class "com.glproject.map_tagger.dao.cont.UserContainer" is already enhanced.
12:51:38,190 (main) INFO  [DataNucleus.Enhancer] - DataNucleus Enhancer completed with success for 6 classes.
12:51:42,618 (main) INFO  [DataNucleus.Enhancer] - DataNucleus Enhancer (version 4.0.3) for API "JDO"
12:51:42,785 (main) INFO  [DataNucleus.Enhancer] - Class "com.glproject.map_tagger.dao.Map" is already enhanced.
12:51:42,787 (main) INFO  [DataNucleus.Enhancer] - Class "com.glproject.map_tagger.dao.Place" is already enhanced.
12:51:42,788 (main) INFO  [DataNucleus.Enhancer] - Class "com.glproject.map_tagger.dao.User" is already enhanced.
12:51:42,789 (main) INFO  [DataNucleus.Enhancer] - Class "com.glproject.map_tagger.dao.cont.MapContainer" is already enhanced.
12:51:42,790 (main) INFO  [DataNucleus.Enhancer] - Class "com.glproject.map_tagger.dao.cont.PlaceContainer" is already enhanced.
12:51:42,792 (main) INFO  [DataNucleus.Enhancer] - Class "com.glproject.map_tagger.dao.cont.UserContainer" is already enhanced.
12:51:42,792 (main) INFO  [DataNucleus.Enhancer] - DataNucleus Enhancer completed with success for 6 classes.
12:52:35,110 (main) INFO  [DataNucleus.Enhancer] - DataNucleus Enhancer (version 4.0.3) for API "JDO"
12:52:35,278 (main) INFO  [DataNucleus.Enhancer] - Class "com.glproject.map_tagger.dao.Map" is already enhanced.
12:52:35,279 (main) INFO  [DataNucleus.Enhancer] - Class "com.glproject.map_tagger.dao.Place" is already enhanced.
12:52:35,280 (main) INFO  [DataNucleus.Enhancer] - Class "com.glproject.map_tagger.dao.User" is already enhanced.
12:52:35,282 (main) INFO  [DataNucleus.Enhancer] - Class "com.glproject.map_tagger.dao.cont.MapContainer" is already enhanced.
12:52:35,284 (main) INFO  [DataNucleus.Enhancer] - Class "com.glproject.map_tagger.dao.cont.PlaceContainer" is already enhanced.
12:52:35,286 (main) INFO  [DataNucleus.Enhancer] - Class "com.glproject.map_tagger.dao.cont.UserContainer" is already enhanced.
12:52:35,286 (main) INFO  [DataNucleus.Enhancer] - DataNucleus Enhancer completed with success for 6 classes.
14:22:42,398 (main) INFO  [DataNucleus.Enhancer] - DataNucleus Enhancer (version 4.0.3) for API "JDO"
14:22:42,596 (main) INFO  [DataNucleus.Enhancer] - Class "com.glproject.map_tagger.dao.Map" is already enhanced.
14:22:42,599 (main) INFO  [DataNucleus.Enhancer] - Class "com.glproject.map_tagger.dao.Place" is already enhanced.
14:22:42,601 (main) INFO  [DataNucleus.Enhancer] - Class "com.glproject.map_tagger.dao.User" is already enhanced.
14:22:42,603 (main) INFO  [DataNucleus.Enhancer] - Class "com.glproject.map_tagger.dao.cont.MapContainer" is already enhanced.
14:22:42,604 (main) INFO  [DataNucleus.Enhancer] - Class "com.glproject.map_tagger.dao.cont.PlaceContainer" is already enhanced.
14:22:42,606 (main) INFO  [DataNucleus.Enhancer] - Class "com.glproject.map_tagger.dao.cont.UserContainer" is already enhanced.
14:22:42,607 (main) INFO  [DataNucleus.Enhancer] - DataNucleus Enhancer completed with success for 6 classes.
14:42:57,737 (main) INFO  [DataNucleus.Enhancer] - DataNucleus Enhancer (version 4.0.3) for API "JDO"
14:42:57,871 (main) INFO  [DataNucleus.Enhancer] - Class "com.glproject.map_tagger.dao.Map" is already enhanced.
14:42:57,872 (main) INFO  [DataNucleus.Enhancer] - Class "com.glproject.map_tagger.dao.Place" is already enhanced.
14:42:57,874 (main) INFO  [DataNucleus.Enhancer] - Class "com.glproject.map_tagger.dao.User" is already enhanced.
14:42:57,875 (main) INFO  [DataNucleus.Enhancer] - Class "com.glproject.map_tagger.dao.cont.MapContainer" is already enhanced.
14:42:57,878 (main) INFO  [DataNucleus.Enhancer] - Class "com.glproject.map_tagger.dao.cont.PlaceContainer" is already enhanced.
14:42:57,879 (main) INFO  [DataNucleus.Enhancer] - Class "com.glproject.map_tagger.dao.cont.UserContainer" is already enhanced.
14:42:57,879 (main) INFO  [DataNucleus.Enhancer] - DataNucleus Enhancer completed with success for 6 classes.
14:43:00,419 (main) INFO  [DataNucleus.Enhancer] - DataNucleus Enhancer (version 4.0.3) for API "JDO"
14:43:00,572 (main) INFO  [DataNucleus.Enhancer] - Class "com.glproject.map_tagger.dao.Map" is already enhanced.
14:43:00,574 (main) INFO  [DataNucleus.Enhancer] - Class "com.glproject.map_tagger.dao.Place" is already enhanced.
14:43:00,575 (main) INFO  [DataNucleus.Enhancer] - Class "com.glproject.map_tagger.dao.User" is already enhanced.
14:43:00,577 (main) INFO  [DataNucleus.Enhancer] - Class "com.glproject.map_tagger.dao.cont.MapContainer" is already enhanced.
14:43:00,578 (main) INFO  [DataNucleus.Enhancer] - Class "com.glproject.map_tagger.dao.cont.PlaceContainer" is already enhanced.
14:43:00,580 (main) INFO  [DataNucleus.Enhancer] - Class "com.glproject.map_tagger.dao.cont.UserContainer" is already enhanced.
14:43:00,580 (main) INFO  [DataNucleus.Enhancer] - DataNucleus Enhancer completed with success for 6 classes.
18:41:25,598 (main) INFO  [DataNucleus.Enhancer] - DataNucleus Enhancer (version 4.0.3) for API "JDO"
18:41:26,100 (main) INFO  [DataNucleus.Enhancer] - Class "com.glproject.map_tagger.dao.Map" is already enhanced.
18:41:26,102 (main) INFO  [DataNucleus.Enhancer] - Class "com.glproject.map_tagger.dao.Place" is already enhanced.
18:41:26,103 (main) INFO  [DataNucleus.Enhancer] - Class "com.glproject.map_tagger.dao.User" is already enhanced.
18:41:26,107 (main) INFO  [DataNucleus.Enhancer] - Class "com.glproject.map_tagger.dao.cont.MapContainer" is already enhanced.
18:41:26,109 (main) INFO  [DataNucleus.Enhancer] - Class "com.glproject.map_tagger.dao.cont.PlaceContainer" is already enhanced.
18:41:26,112 (main) INFO  [DataNucleus.Enhancer] - Class "com.glproject.map_tagger.dao.cont.UserContainer" is already enhanced.
18:41:26,112 (main) INFO  [DataNucleus.Enhancer] - DataNucleus Enhancer completed with success for 6 classes.
19:20:52,887 (main) INFO  [DataNucleus.Enhancer] - DataNucleus Enhancer (version 4.0.3) for API "JDO"
19:20:53,208 (main) INFO  [DataNucleus.Enhancer] - Class "com.glproject.map_tagger.dao.Map" is already enhanced.
19:20:53,210 (main) INFO  [DataNucleus.Enhancer] - Class "com.glproject.map_tagger.dao.Place" is already enhanced.
19:20:53,210 (main) INFO  [DataNucleus.Enhancer] - Class "com.glproject.map_tagger.dao.User" is already enhanced.
19:20:53,212 (main) INFO  [DataNucleus.Enhancer] - Class "com.glproject.map_tagger.dao.cont.MapContainer" is already enhanced.
19:20:53,213 (main) INFO  [DataNucleus.Enhancer] - Class "com.glproject.map_tagger.dao.cont.PlaceContainer" is already enhanced.
19:20:53,214 (main) INFO  [DataNucleus.Enhancer] - Class "com.glproject.map_tagger.dao.cont.UserContainer" is already enhanced.
19:20:53,214 (main) INFO  [DataNucleus.Enhancer] - DataNucleus Enhancer completed with success for 6 classes.
19:45:04,082 (main) INFO  [DataNucleus.Enhancer] - DataNucleus Enhancer (version 4.0.3) for API "JDO"
19:45:04,258 (main) INFO  [DataNucleus.Enhancer] - Class "com.glproject.map_tagger.dao.Map" is already enhanced.
19:45:04,260 (main) INFO  [DataNucleus.Enhancer] - Class "com.glproject.map_tagger.dao.Place" is already enhanced.
19:45:04,261 (main) INFO  [DataNucleus.Enhancer] - Class "com.glproject.map_tagger.dao.User" is already enhanced.
19:45:04,263 (main) INFO  [DataNucleus.Enhancer] - Class "com.glproject.map_tagger.dao.cont.MapContainer" is already enhanced.
19:45:04,266 (main) INFO  [DataNucleus.Enhancer] - Class "com.glproject.map_tagger.dao.cont.PlaceContainer" is already enhanced.
19:45:04,268 (main) INFO  [DataNucleus.Enhancer] - Class "com.glproject.map_tagger.dao.cont.UserContainer" is already enhanced.
19:45:04,268 (main) INFO  [DataNucleus.Enhancer] - DataNucleus Enhancer completed with success for 6 classes.
21:03:13,437 (main) INFO  [DataNucleus.Enhancer] - DataNucleus Enhancer (version 4.0.3) for API "JDO"
21:03:13,623 (main) INFO  [DataNucleus.Enhancer] - Class "com.glproject.map_tagger.dao.Map" is already enhanced.
21:03:13,625 (main) INFO  [DataNucleus.Enhancer] - Class "com.glproject.map_tagger.dao.Place" is already enhanced.
21:03:13,626 (main) INFO  [DataNucleus.Enhancer] - Class "com.glproject.map_tagger.dao.User" is already enhanced.
21:03:13,628 (main) INFO  [DataNucleus.Enhancer] - Class "com.glproject.map_tagger.dao.cont.MapContainer" is already enhanced.
21:03:13,628 (main) INFO  [DataNucleus.Enhancer] - Class "com.glproject.map_tagger.dao.cont.PlaceContainer" is already enhanced.
21:03:13,630 (main) INFO  [DataNucleus.Enhancer] - Class "com.glproject.map_tagger.dao.cont.UserContainer" is already enhanced.
21:03:13,630 (main) INFO  [DataNucleus.Enhancer] - DataNucleus Enhancer completed with success for 6 classes.
21:06:14,048 (main) INFO  [DataNucleus.Enhancer] - DataNucleus Enhancer (version 4.0.3) for API "JDO"
21:06:14,201 (main) INFO  [DataNucleus.Enhancer] - Class "com.glproject.map_tagger.dao.Map" is already enhanced.
21:06:14,202 (main) INFO  [DataNucleus.Enhancer] - Class "com.glproject.map_tagger.dao.Place" is already enhanced.
21:06:14,203 (main) INFO  [DataNucleus.Enhancer] - Class "com.glproject.map_tagger.dao.User" is already enhanced.
21:06:14,204 (main) INFO  [DataNucleus.Enhancer] - Class "com.glproject.map_tagger.dao.cont.MapContainer" is already enhanced.
21:06:14,206 (main) INFO  [DataNucleus.Enhancer] - Class "com.glproject.map_tagger.dao.cont.PlaceContainer" is already enhanced.
21:06:14,207 (main) INFO  [DataNucleus.Enhancer] - Class "com.glproject.map_tagger.dao.cont.UserContainer" is already enhanced.
21:06:14,207 (main) INFO  [DataNucleus.Enhancer] - DataNucleus Enhancer completed with success for 6 classes.
21:06:15,890 (main) INFO  [DataNucleus.Enhancer] - DataNucleus Enhancer (version 4.0.3) for API "JDO"
21:06:16,027 (main) INFO  [DataNucleus.Enhancer] - Class "com.glproject.map_tagger.dao.Map" is already enhanced.
21:06:16,028 (main) INFO  [DataNucleus.Enhancer] - Class "com.glproject.map_tagger.dao.Place" is already enhanced.
21:06:16,029 (main) INFO  [DataNucleus.Enhancer] - Class "com.glproject.map_tagger.dao.User" is already enhanced.
21:06:16,031 (main) INFO  [DataNucleus.Enhancer] - Class "com.glproject.map_tagger.dao.cont.MapContainer" is already enhanced.
21:06:16,032 (main) INFO  [DataNucleus.Enhancer] - Class "com.glproject.map_tagger.dao.cont.PlaceContainer" is already enhanced.
21:06:16,033 (main) INFO  [DataNucleus.Enhancer] - Class "com.glproject.map_tagger.dao.cont.UserContainer" is already enhanced.
21:06:16,034 (main) INFO  [DataNucleus.Enhancer] - DataNucleus Enhancer completed with success for 6 classes.
21:06:17,010 (main) INFO  [DataNucleus.Enhancer] - DataNucleus Enhancer (version 4.0.3) for API "JDO"
21:06:17,186 (main) INFO  [DataNucleus.Enhancer] - Class "com.glproject.map_tagger.dao.Map" is already enhanced.
21:06:17,187 (main) INFO  [DataNucleus.Enhancer] - Class "com.glproject.map_tagger.dao.Place" is already enhanced.
21:06:17,188 (main) INFO  [DataNucleus.Enhancer] - Class "com.glproject.map_tagger.dao.User" is already enhanced.
21:06:17,190 (main) INFO  [DataNucleus.Enhancer] - Class "com.glproject.map_tagger.dao.cont.MapContainer" is already enhanced.
21:06:17,191 (main) INFO  [DataNucleus.Enhancer] - Class "com.glproject.map_tagger.dao.cont.PlaceContainer" is already enhanced.
21:06:17,191 (main) INFO  [DataNucleus.Enhancer] - Class "com.glproject.map_tagger.dao.cont.UserContainer" is already enhanced.
21:06:17,191 (main) INFO  [DataNucleus.Enhancer] - DataNucleus Enhancer completed with success for 6 classes.
21:06:17,810 (main) INFO  [DataNucleus.Enhancer] - DataNucleus Enhancer (version 4.0.3) for API "JDO"
21:06:17,957 (main) INFO  [DataNucleus.Enhancer] - Class "com.glproject.map_tagger.dao.Map" is already enhanced.
21:06:17,958 (main) INFO  [DataNucleus.Enhancer] - Class "com.glproject.map_tagger.dao.Place" is already enhanced.
21:06:17,960 (main) INFO  [DataNucleus.Enhancer] - Class "com.glproject.map_tagger.dao.User" is already enhanced.
21:06:17,961 (main) INFO  [DataNucleus.Enhancer] - Class "com.glproject.map_tagger.dao.cont.MapContainer" is already enhanced.
21:06:17,962 (main) INFO  [DataNucleus.Enhancer] - Class "com.glproject.map_tagger.dao.cont.PlaceContainer" is already enhanced.
21:06:17,963 (main) INFO  [DataNucleus.Enhancer] - Class "com.glproject.map_tagger.dao.cont.UserContainer" is already enhanced.
21:06:17,964 (main) INFO  [DataNucleus.Enhancer] - DataNucleus Enhancer completed with success for 6 classes.
21:06:24,621 (main) INFO  [DataNucleus.Enhancer] - DataNucleus Enhancer (version 4.0.3) for API "JDO"
21:06:24,761 (main) INFO  [DataNucleus.Enhancer] - Class "com.glproject.map_tagger.dao.Map" is already enhanced.
21:06:24,762 (main) INFO  [DataNucleus.Enhancer] - Class "com.glproject.map_tagger.dao.Place" is already enhanced.
21:06:24,763 (main) INFO  [DataNucleus.Enhancer] - Class "com.glproject.map_tagger.dao.User" is already enhanced.
21:06:24,764 (main) INFO  [DataNucleus.Enhancer] - Class "com.glproject.map_tagger.dao.cont.MapContainer" is already enhanced.
21:06:24,765 (main) INFO  [DataNucleus.Enhancer] - Class "com.glproject.map_tagger.dao.cont.PlaceContainer" is already enhanced.
21:06:24,766 (main) INFO  [DataNucleus.Enhancer] - Class "com.glproject.map_tagger.dao.cont.UserContainer" is already enhanced.
21:06:24,766 (main) INFO  [DataNucleus.Enhancer] - DataNucleus Enhancer completed with success for 6 classes.
21:07:36,086 (main) INFO  [DataNucleus.Enhancer] - DataNucleus Enhancer (version 4.0.3) for API "JDO"
21:07:36,232 (main) INFO  [DataNucleus.Enhancer] - Class "com.glproject.map_tagger.dao.Map" is already enhanced.
21:07:36,233 (main) INFO  [DataNucleus.Enhancer] - Class "com.glproject.map_tagger.dao.Place" is already enhanced.
21:07:36,235 (main) INFO  [DataNucleus.Enhancer] - Class "com.glproject.map_tagger.dao.User" is already enhanced.
21:07:36,236 (main) INFO  [DataNucleus.Enhancer] - Class "com.glproject.map_tagger.dao.cont.MapContainer" is already enhanced.
21:07:36,238 (main) INFO  [DataNucleus.Enhancer] - Class "com.glproject.map_tagger.dao.cont.PlaceContainer" is already enhanced.
21:07:36,239 (main) INFO  [DataNucleus.Enhancer] - Class "com.glproject.map_tagger.dao.cont.UserContainer" is already enhanced.
21:07:36,239 (main) INFO  [DataNucleus.Enhancer] - DataNucleus Enhancer completed with success for 6 classes.
21:21:42,338 (main) INFO  [DataNucleus.Enhancer] - DataNucleus Enhancer (version 4.0.3) for API "JDO"
21:21:42,522 (main) INFO  [DataNucleus.Enhancer] - Class "com.glproject.map_tagger.dao.Map" is already enhanced.
21:21:42,522 (main) INFO  [DataNucleus.Enhancer] - Class "com.glproject.map_tagger.dao.Place" is already enhanced.
21:21:42,523 (main) INFO  [DataNucleus.Enhancer] - Class "com.glproject.map_tagger.dao.User" is already enhanced.
21:21:42,525 (main) INFO  [DataNucleus.Enhancer] - Class "com.glproject.map_tagger.dao.cont.MapContainer" is already enhanced.
21:21:42,526 (main) INFO  [DataNucleus.Enhancer] - Class "com.glproject.map_tagger.dao.cont.PlaceContainer" is already enhanced.
21:21:42,527 (main) INFO  [DataNucleus.Enhancer] - Class "com.glproject.map_tagger.dao.cont.UserContainer" is already enhanced.
21:21:42,528 (main) INFO  [DataNucleus.Enhancer] - DataNucleus Enhancer completed with success for 6 classes.
21:22:23,360 (main) INFO  [DataNucleus.Enhancer] - DataNucleus Enhancer (version 4.0.3) for API "JDO"
21:22:23,546 (main) INFO  [DataNucleus.Enhancer] - Class "com.glproject.map_tagger.dao.Map" is already enhanced.
21:22:23,548 (main) INFO  [DataNucleus.Enhancer] - Class "com.glproject.map_tagger.dao.Place" is already enhanced.
21:22:23,550 (main) INFO  [DataNucleus.Enhancer] - Class "com.glproject.map_tagger.dao.User" is already enhanced.
21:22:23,551 (main) INFO  [DataNucleus.Enhancer] - Class "com.glproject.map_tagger.dao.cont.MapContainer" is already enhanced.
21:22:23,552 (main) INFO  [DataNucleus.Enhancer] - Class "com.glproject.map_tagger.dao.cont.PlaceContainer" is already enhanced.
21:22:23,554 (main) INFO  [DataNucleus.Enhancer] - Class "com.glproject.map_tagger.dao.cont.UserContainer" is already enhanced.
21:22:23,554 (main) INFO  [DataNucleus.Enhancer] - DataNucleus Enhancer completed with success for 6 classes.
21:23:05,362 (main) INFO  [DataNucleus.Enhancer] - DataNucleus Enhancer (version 4.0.3) for API "JDO"
21:23:05,489 (main) INFO  [DataNucleus.Enhancer] - Class "com.glproject.map_tagger.dao.Map" is already enhanced.
21:23:05,490 (main) INFO  [DataNucleus.Enhancer] - Class "com.glproject.map_tagger.dao.Place" is already enhanced.
21:23:05,490 (main) INFO  [DataNucleus.Enhancer] - Class "com.glproject.map_tagger.dao.User" is already enhanced.
21:23:05,491 (main) INFO  [DataNucleus.Enhancer] - Class "com.glproject.map_tagger.dao.cont.MapContainer" is already enhanced.
21:23:05,492 (main) INFO  [DataNucleus.Enhancer] - Class "com.glproject.map_tagger.dao.cont.PlaceContainer" is already enhanced.
21:23:05,493 (main) INFO  [DataNucleus.Enhancer] - Class "com.glproject.map_tagger.dao.cont.UserContainer" is already enhanced.
21:23:05,493 (main) INFO  [DataNucleus.Enhancer] - DataNucleus Enhancer completed with success for 6 classes.
21:24:42,086 (main) INFO  [DataNucleus.Enhancer] - DataNucleus Enhancer (version 4.0.3) for API "JDO"
21:24:42,217 (main) INFO  [DataNucleus.Enhancer] - Class "com.glproject.map_tagger.dao.Map" is already enhanced.
21:24:42,218 (main) INFO  [DataNucleus.Enhancer] - Class "com.glproject.map_tagger.dao.Place" is already enhanced.
21:24:42,219 (main) INFO  [DataNucleus.Enhancer] - Class "com.glproject.map_tagger.dao.User" is already enhanced.
21:24:42,220 (main) INFO  [DataNucleus.Enhancer] - Class "com.glproject.map_tagger.dao.cont.MapContainer" is already enhanced.
21:24:42,221 (main) INFO  [DataNucleus.Enhancer] - Class "com.glproject.map_tagger.dao.cont.PlaceContainer" is already enhanced.
21:24:42,223 (main) INFO  [DataNucleus.Enhancer] - Class "com.glproject.map_tagger.dao.cont.UserContainer" is already enhanced.
21:24:42,223 (main) INFO  [DataNucleus.Enhancer] - DataNucleus Enhancer completed with success for 6 classes.
21:24:54,764 (main) INFO  [DataNucleus.Enhancer] - DataNucleus Enhancer (version 4.0.3) for API "JDO"
21:24:54,903 (main) INFO  [DataNucleus.Enhancer] - Class "com.glproject.map_tagger.dao.Map" is already enhanced.
21:24:54,904 (main) INFO  [DataNucleus.Enhancer] - Class "com.glproject.map_tagger.dao.Place" is already enhanced.
21:24:54,906 (main) INFO  [DataNucleus.Enhancer] - Class "com.glproject.map_tagger.dao.User" is already enhanced.
21:24:54,907 (main) INFO  [DataNucleus.Enhancer] - Class "com.glproject.map_tagger.dao.cont.MapContainer" is already enhanced.
21:24:54,908 (main) INFO  [DataNucleus.Enhancer] - Class "com.glproject.map_tagger.dao.cont.PlaceContainer" is already enhanced.
21:24:54,909 (main) INFO  [DataNucleus.Enhancer] - Class "com.glproject.map_tagger.dao.cont.UserContainer" is already enhanced.
21:24:54,909 (main) INFO  [DataNucleus.Enhancer] - DataNucleus Enhancer completed with success for 6 classes.
21:25:00,708 (main) INFO  [DataNucleus.Enhancer] - DataNucleus Enhancer (version 4.0.3) for API "JDO"
21:25:00,830 (main) INFO  [DataNucleus.Enhancer] - Class "com.glproject.map_tagger.dao.Map" is already enhanced.
21:25:00,831 (main) INFO  [DataNucleus.Enhancer] - Class "com.glproject.map_tagger.dao.Place" is already enhanced.
21:25:00,832 (main) INFO  [DataNucleus.Enhancer] - Class "com.glproject.map_tagger.dao.User" is already enhanced.
21:25:00,832 (main) INFO  [DataNucleus.Enhancer] - Class "com.glproject.map_tagger.dao.cont.MapContainer" is already enhanced.
21:25:00,833 (main) INFO  [DataNucleus.Enhancer] - Class "com.glproject.map_tagger.dao.cont.PlaceContainer" is already enhanced.
21:25:00,834 (main) INFO  [DataNucleus.Enhancer] - Class "com.glproject.map_tagger.dao.cont.UserContainer" is already enhanced.
21:25:00,834 (main) INFO  [DataNucleus.Enhancer] - DataNucleus Enhancer completed with success for 6 classes.
21:27:01,606 (main) INFO  [DataNucleus.Enhancer] - DataNucleus Enhancer (version 4.0.3) for API "JDO"
21:27:01,791 (main) INFO  [DataNucleus.Enhancer] - Class "com.glproject.map_tagger.dao.Map" is already enhanced.
21:27:01,794 (main) INFO  [DataNucleus.Enhancer] - Class "com.glproject.map_tagger.dao.Place" is already enhanced.
21:27:01,795 (main) INFO  [DataNucleus.Enhancer] - Class "com.glproject.map_tagger.dao.User" is already enhanced.
21:27:01,797 (main) INFO  [DataNucleus.Enhancer] - Class "com.glproject.map_tagger.dao.cont.MapContainer" is already enhanced.
21:27:01,799 (main) INFO  [DataNucleus.Enhancer] - Class "com.glproject.map_tagger.dao.cont.PlaceContainer" is already enhanced.
21:27:01,800 (main) INFO  [DataNucleus.Enhancer] - Class "com.glproject.map_tagger.dao.cont.UserContainer" is already enhanced.
21:27:01,800 (main) INFO  [DataNucleus.Enhancer] - DataNucleus Enhancer completed with success for 6 classes.
21:36:36,658 (main) INFO  [DataNucleus.Enhancer] - DataNucleus Enhancer (version 4.0.3) for API "JDO"
21:36:36,876 (main) INFO  [DataNucleus.Enhancer] - Class "com.glproject.map_tagger.dao.Map" is already enhanced.
21:36:36,878 (main) INFO  [DataNucleus.Enhancer] - Class "com.glproject.map_tagger.dao.Place" is already enhanced.
21:36:36,879 (main) INFO  [DataNucleus.Enhancer] - Class "com.glproject.map_tagger.dao.User" is already enhanced.
21:36:36,881 (main) INFO  [DataNucleus.Enhancer] - Class "com.glproject.map_tagger.dao.cont.MapContainer" is already enhanced.
21:36:36,882 (main) INFO  [DataNucleus.Enhancer] - Class "com.glproject.map_tagger.dao.cont.PlaceContainer" is already enhanced.
21:36:36,884 (main) INFO  [DataNucleus.Enhancer] - Class "com.glproject.map_tagger.dao.cont.UserContainer" is already enhanced.
21:36:36,884 (main) INFO  [DataNucleus.Enhancer] - DataNucleus Enhancer completed with success for 6 classes.
21:43:51,928 (main) INFO  [DataNucleus.Enhancer] - DataNucleus Enhancer (version 4.0.3) for API "JDO"
21:43:52,059 (main) INFO  [DataNucleus.Enhancer] - Class "com.glproject.map_tagger.dao.Map" is already enhanced.
21:43:52,060 (main) INFO  [DataNucleus.Enhancer] - Class "com.glproject.map_tagger.dao.Place" is already enhanced.
21:43:52,060 (main) INFO  [DataNucleus.Enhancer] - Class "com.glproject.map_tagger.dao.User" is already enhanced.
21:43:52,062 (main) INFO  [DataNucleus.Enhancer] - Class "com.glproject.map_tagger.dao.cont.MapContainer" is already enhanced.
21:43:52,063 (main) INFO  [DataNucleus.Enhancer] - Class "com.glproject.map_tagger.dao.cont.PlaceContainer" is already enhanced.
21:43:52,064 (main) INFO  [DataNucleus.Enhancer] - Class "com.glproject.map_tagger.dao.cont.UserContainer" is already enhanced.
21:43:52,064 (main) INFO  [DataNucleus.Enhancer] - DataNucleus Enhancer completed with success for 6 classes.
21:44:46,362 (main) INFO  [DataNucleus.Enhancer] - DataNucleus Enhancer (version 4.0.3) for API "JDO"
21:44:46,557 (main) INFO  [DataNucleus.Enhancer] - Class "com.glproject.map_tagger.dao.Map" is already enhanced.
21:44:46,558 (main) INFO  [DataNucleus.Enhancer] - Class "com.glproject.map_tagger.dao.Place" is already enhanced.
21:44:46,559 (main) INFO  [DataNucleus.Enhancer] - Class "com.glproject.map_tagger.dao.User" is already enhanced.
21:44:46,560 (main) INFO  [DataNucleus.Enhancer] - Class "com.glproject.map_tagger.dao.cont.MapContainer" is already enhanced.
21:44:46,562 (main) INFO  [DataNucleus.Enhancer] - Class "com.glproject.map_tagger.dao.cont.PlaceContainer" is already enhanced.
21:44:46,564 (main) INFO  [DataNucleus.Enhancer] - Class "com.glproject.map_tagger.dao.cont.UserContainer" is already enhanced.
21:44:46,564 (main) INFO  [DataNucleus.Enhancer] - DataNucleus Enhancer completed with success for 6 classes.
21:44:51,953 (main) INFO  [DataNucleus.Enhancer] - DataNucleus Enhancer (version 4.0.3) for API "JDO"
21:44:52,151 (main) INFO  [DataNucleus.Enhancer] - Class "com.glproject.map_tagger.dao.Map" is already enhanced.
21:44:52,153 (main) INFO  [DataNucleus.Enhancer] - Class "com.glproject.map_tagger.dao.Place" is already enhanced.
21:44:52,154 (main) INFO  [DataNucleus.Enhancer] - Class "com.glproject.map_tagger.dao.User" is already enhanced.
21:44:52,156 (main) INFO  [DataNucleus.Enhancer] - Class "com.glproject.map_tagger.dao.cont.MapContainer" is already enhanced.
21:44:52,159 (main) INFO  [DataNucleus.Enhancer] - Class "com.glproject.map_tagger.dao.cont.PlaceContainer" is already enhanced.
21:44:52,159 (main) INFO  [DataNucleus.Enhancer] - Class "com.glproject.map_tagger.dao.cont.UserContainer" is already enhanced.
21:44:52,159 (main) INFO  [DataNucleus.Enhancer] - DataNucleus Enhancer completed with success for 6 classes.
21:47:38,621 (main) INFO  [DataNucleus.Enhancer] - DataNucleus Enhancer (version 4.0.3) for API "JDO"
21:47:38,833 (main) INFO  [DataNucleus.Enhancer] - Class "com.glproject.map_tagger.dao.Map" is already enhanced.
21:47:38,834 (main) INFO  [DataNucleus.Enhancer] - Class "com.glproject.map_tagger.dao.Place" is already enhanced.
21:47:38,836 (main) INFO  [DataNucleus.Enhancer] - Class "com.glproject.map_tagger.dao.User" is already enhanced.
21:47:38,838 (main) INFO  [DataNucleus.Enhancer] - Class "com.glproject.map_tagger.dao.cont.MapContainer" is already enhanced.
21:47:38,841 (main) INFO  [DataNucleus.Enhancer] - Class "com.glproject.map_tagger.dao.cont.PlaceContainer" is already enhanced.
21:47:38,844 (main) INFO  [DataNucleus.Enhancer] - Class "com.glproject.map_tagger.dao.cont.UserContainer" is already enhanced.
21:47:38,844 (main) INFO  [DataNucleus.Enhancer] - DataNucleus Enhancer completed with success for 6 classes.
21:47:43,970 (main) INFO  [DataNucleus.Enhancer] - DataNucleus Enhancer (version 4.0.3) for API "JDO"
21:47:44,157 (main) INFO  [DataNucleus.Enhancer] - Class "com.glproject.map_tagger.dao.Map" is already enhanced.
21:47:44,159 (main) INFO  [DataNucleus.Enhancer] - Class "com.glproject.map_tagger.dao.Place" is already enhanced.
21:47:44,160 (main) INFO  [DataNucleus.Enhancer] - Class "com.glproject.map_tagger.dao.User" is already enhanced.
21:47:44,162 (main) INFO  [DataNucleus.Enhancer] - Class "com.glproject.map_tagger.dao.cont.MapContainer" is already enhanced.
21:47:44,163 (main) INFO  [DataNucleus.Enhancer] - Class "com.glproject.map_tagger.dao.cont.PlaceContainer" is already enhanced.
21:47:44,165 (main) INFO  [DataNucleus.Enhancer] - Class "com.glproject.map_tagger.dao.cont.UserContainer" is already enhanced.
21:47:44,165 (main) INFO  [DataNucleus.Enhancer] - DataNucleus Enhancer completed with success for 6 classes.
21:47:49,811 (main) INFO  [DataNucleus.Enhancer] - DataNucleus Enhancer (version 4.0.3) for API "JDO"
21:47:49,948 (main) INFO  [DataNucleus.Enhancer] - Class "com.glproject.map_tagger.dao.Map" is already enhanced.
21:47:49,948 (main) INFO  [DataNucleus.Enhancer] - Class "com.glproject.map_tagger.dao.Place" is already enhanced.
21:47:49,949 (main) INFO  [DataNucleus.Enhancer] - Class "com.glproject.map_tagger.dao.User" is already enhanced.
21:47:49,950 (main) INFO  [DataNucleus.Enhancer] - Class "com.glproject.map_tagger.dao.cont.MapContainer" is already enhanced.
21:47:49,952 (main) INFO  [DataNucleus.Enhancer] - Class "com.glproject.map_tagger.dao.cont.PlaceContainer" is already enhanced.
21:47:49,953 (main) INFO  [DataNucleus.Enhancer] - Class "com.glproject.map_tagger.dao.cont.UserContainer" is already enhanced.
21:47:49,953 (main) INFO  [DataNucleus.Enhancer] - DataNucleus Enhancer completed with success for 6 classes.
22:00:06,816 (main) INFO  [DataNucleus.Enhancer] - DataNucleus Enhancer (version 4.0.3) for API "JDO"
22:00:07,103 (main) INFO  [DataNucleus.Enhancer] - Class "com.glproject.map_tagger.dao.Map" is already enhanced.
22:00:07,108 (main) INFO  [DataNucleus.Enhancer] - Class "com.glproject.map_tagger.dao.Place" is already enhanced.
22:00:07,111 (main) INFO  [DataNucleus.Enhancer] - Class "com.glproject.map_tagger.dao.User" is already enhanced.
22:00:07,114 (main) INFO  [DataNucleus.Enhancer] - Class "com.glproject.map_tagger.dao.cont.MapContainer" is already enhanced.
22:00:07,117 (main) INFO  [DataNucleus.Enhancer] - Class "com.glproject.map_tagger.dao.cont.PlaceContainer" is already enhanced.
22:00:07,120 (main) INFO  [DataNucleus.Enhancer] - Class "com.glproject.map_tagger.dao.cont.UserContainer" is already enhanced.
22:00:07,120 (main) INFO  [DataNucleus.Enhancer] - DataNucleus Enhancer completed with success for 6 classes.
22:00:12,643 (main) INFO  [DataNucleus.Enhancer] - DataNucleus Enhancer (version 4.0.3) for API "JDO"
22:00:12,867 (main) INFO  [DataNucleus.Enhancer] - Class "com.glproject.map_tagger.dao.Map" is already enhanced.
22:00:12,869 (main) INFO  [DataNucleus.Enhancer] - Class "com.glproject.map_tagger.dao.Place" is already enhanced.
22:00:12,871 (main) INFO  [DataNucleus.Enhancer] - Class "com.glproject.map_tagger.dao.User" is already enhanced.
22:00:12,873 (main) INFO  [DataNucleus.Enhancer] - Class "com.glproject.map_tagger.dao.cont.MapContainer" is already enhanced.
22:00:12,874 (main) INFO  [DataNucleus.Enhancer] - Class "com.glproject.map_tagger.dao.cont.PlaceContainer" is already enhanced.
22:00:12,876 (main) INFO  [DataNucleus.Enhancer] - Class "com.glproject.map_tagger.dao.cont.UserContainer" is already enhanced.
22:00:12,876 (main) INFO  [DataNucleus.Enhancer] - DataNucleus Enhancer completed with success for 6 classes.
22:00:34,772 (main) INFO  [DataNucleus.Enhancer] - DataNucleus Enhancer (version 4.0.3) for API "JDO"
22:00:35,055 (main) INFO  [DataNucleus.Enhancer] - Class "com.glproject.map_tagger.dao.Map" is already enhanced.
22:00:35,056 (main) INFO  [DataNucleus.Enhancer] - Class "com.glproject.map_tagger.dao.Place" is already enhanced.
22:00:35,057 (main) INFO  [DataNucleus.Enhancer] - Class "com.glproject.map_tagger.dao.User" is already enhanced.
22:00:35,059 (main) INFO  [DataNucleus.Enhancer] - Class "com.glproject.map_tagger.dao.cont.MapContainer" is already enhanced.
22:00:35,059 (main) INFO  [DataNucleus.Enhancer] - Class "com.glproject.map_tagger.dao.cont.PlaceContainer" is already enhanced.
22:00:35,061 (main) INFO  [DataNucleus.Enhancer] - Class "com.glproject.map_tagger.dao.cont.UserContainer" is already enhanced.
22:00:35,062 (main) INFO  [DataNucleus.Enhancer] - DataNucleus Enhancer completed with success for 6 classes.
22:01:48,316 (main) INFO  [DataNucleus.Enhancer] - DataNucleus Enhancer (version 4.0.3) for API "JDO"
22:01:48,658 (main) INFO  [DataNucleus.Enhancer] - Writing class file "D:\EIDD\Genie Logiciel\TP\Map-Tagger\target\classes\com\glproject\map_tagger\dao\Map.class" with enhanced definition
22:01:48,662 (main) INFO  [DataNucleus.Enhancer] - Writing class file "D:\EIDD\Genie Logiciel\TP\Map-Tagger\target\classes\com\glproject\map_tagger\dao\Place.class" with enhanced definition
22:01:48,665 (main) INFO  [DataNucleus.Enhancer] - Writing class file "D:\EIDD\Genie Logiciel\TP\Map-Tagger\target\classes\com\glproject\map_tagger\dao\User.class" with enhanced definition
22:01:48,668 (main) INFO  [DataNucleus.Enhancer] - Writing class file "D:\EIDD\Genie Logiciel\TP\Map-Tagger\target\classes\com\glproject\map_tagger\dao\cont\MapContainer.class" with enhanced definition
22:01:48,670 (main) INFO  [DataNucleus.Enhancer] - Writing class file "D:\EIDD\Genie Logiciel\TP\Map-Tagger\target\classes\com\glproject\map_tagger\dao\cont\PlaceContainer.class" with enhanced definition
22:01:48,673 (main) INFO  [DataNucleus.Enhancer] - Writing class file "D:\EIDD\Genie Logiciel\TP\Map-Tagger\target\classes\com\glproject\map_tagger\dao\cont\UserContainer.class" with enhanced definition
22:01:48,674 (main) INFO  [DataNucleus.Enhancer] - DataNucleus Enhancer completed with success for 6 classes.
22:02:05,115 (main) INFO  [DataNucleus.Enhancer] - DataNucleus Enhancer (version 4.0.3) for API "JDO"
22:02:05,437 (main) INFO  [DataNucleus.Enhancer] - Class "com.glproject.map_tagger.dao.Map" is already enhanced.
22:02:05,439 (main) INFO  [DataNucleus.Enhancer] - Class "com.glproject.map_tagger.dao.Place" is already enhanced.
22:02:05,440 (main) INFO  [DataNucleus.Enhancer] - Class "com.glproject.map_tagger.dao.User" is already enhanced.
22:02:05,442 (main) INFO  [DataNucleus.Enhancer] - Class "com.glproject.map_tagger.dao.cont.MapContainer" is already enhanced.
22:02:05,443 (main) INFO  [DataNucleus.Enhancer] - Class "com.glproject.map_tagger.dao.cont.PlaceContainer" is already enhanced.
22:02:05,445 (main) INFO  [DataNucleus.Enhancer] - Class "com.glproject.map_tagger.dao.cont.UserContainer" is already enhanced.
22:02:05,445 (main) INFO  [DataNucleus.Enhancer] - DataNucleus Enhancer completed with success for 6 classes.
22:02:06,257 (main) INFO  [DataNucleus.Enhancer] - DataNucleus Enhancer (version 4.0.3) for API "JDO"
22:02:06,458 (main) INFO  [DataNucleus.Enhancer] - Class "com.glproject.map_tagger.dao.Map" is already enhanced.
22:02:06,460 (main) INFO  [DataNucleus.Enhancer] - Class "com.glproject.map_tagger.dao.Place" is already enhanced.
22:02:06,461 (main) INFO  [DataNucleus.Enhancer] - Class "com.glproject.map_tagger.dao.User" is already enhanced.
22:02:06,462 (main) INFO  [DataNucleus.Enhancer] - Class "com.glproject.map_tagger.dao.cont.MapContainer" is already enhanced.
22:02:06,464 (main) INFO  [DataNucleus.Enhancer] - Class "com.glproject.map_tagger.dao.cont.PlaceContainer" is already enhanced.
22:02:06,465 (main) INFO  [DataNucleus.Enhancer] - Class "com.glproject.map_tagger.dao.cont.UserContainer" is already enhanced.
22:02:06,466 (main) INFO  [DataNucleus.Enhancer] - DataNucleus Enhancer completed with success for 6 classes.
22:02:47,552 (main) INFO  [DataNucleus.Enhancer] - DataNucleus Enhancer (version 4.0.3) for API "JDO"
22:02:47,783 (main) INFO  [DataNucleus.Enhancer] - Class "com.glproject.map_tagger.dao.Map" is already enhanced.
22:02:47,784 (main) INFO  [DataNucleus.Enhancer] - Class "com.glproject.map_tagger.dao.Place" is already enhanced.
22:02:47,785 (main) INFO  [DataNucleus.Enhancer] - Class "com.glproject.map_tagger.dao.User" is already enhanced.
22:02:47,786 (main) INFO  [DataNucleus.Enhancer] - Class "com.glproject.map_tagger.dao.cont.MapContainer" is already enhanced.
22:02:47,787 (main) INFO  [DataNucleus.Enhancer] - Class "com.glproject.map_tagger.dao.cont.PlaceContainer" is already enhanced.
22:02:47,788 (main) INFO  [DataNucleus.Enhancer] - Class "com.glproject.map_tagger.dao.cont.UserContainer" is already enhanced.
22:02:47,788 (main) INFO  [DataNucleus.Enhancer] - DataNucleus Enhancer completed with success for 6 classes.
22:03:14,317 (main) INFO  [DataNucleus.Enhancer] - DataNucleus Enhancer (version 4.0.3) for API "JDO"
22:03:14,497 (main) INFO  [DataNucleus.Enhancer] - Class "com.glproject.map_tagger.dao.Map" is already enhanced.
22:03:14,499 (main) INFO  [DataNucleus.Enhancer] - Class "com.glproject.map_tagger.dao.Place" is already enhanced.
22:03:14,500 (main) INFO  [DataNucleus.Enhancer] - Class "com.glproject.map_tagger.dao.User" is already enhanced.
22:03:14,502 (main) INFO  [DataNucleus.Enhancer] - Class "com.glproject.map_tagger.dao.cont.MapContainer" is already enhanced.
22:03:14,503 (main) INFO  [DataNucleus.Enhancer] - Class "com.glproject.map_tagger.dao.cont.PlaceContainer" is already enhanced.
22:03:14,505 (main) INFO  [DataNucleus.Enhancer] - Class "com.glproject.map_tagger.dao.cont.UserContainer" is already enhanced.
22:03:14,506 (main) INFO  [DataNucleus.Enhancer] - DataNucleus Enhancer completed with success for 6 classes.
22:07:53,868 (main) INFO  [DataNucleus.Enhancer] - DataNucleus Enhancer (version 4.0.3) for API "JDO"
22:07:54,120 (main) INFO  [DataNucleus.Enhancer] - Class "com.glproject.map_tagger.dao.Map" is already enhanced.
22:07:54,124 (main) INFO  [DataNucleus.Enhancer] - Class "com.glproject.map_tagger.dao.Place" is already enhanced.
22:07:54,127 (main) INFO  [DataNucleus.Enhancer] - Class "com.glproject.map_tagger.dao.User" is already enhanced.
22:07:54,131 (main) INFO  [DataNucleus.Enhancer] - Class "com.glproject.map_tagger.dao.cont.MapContainer" is already enhanced.
22:07:54,134 (main) INFO  [DataNucleus.Enhancer] - Class "com.glproject.map_tagger.dao.cont.PlaceContainer" is already enhanced.
22:07:54,138 (main) INFO  [DataNucleus.Enhancer] - Class "com.glproject.map_tagger.dao.cont.UserContainer" is already enhanced.
22:07:54,139 (main) INFO  [DataNucleus.Enhancer] - DataNucleus Enhancer completed with success for 6 classes.
22:08:00,300 (main) INFO  [DataNucleus.Enhancer] - DataNucleus Enhancer (version 4.0.3) for API "JDO"
22:08:00,489 (main) INFO  [DataNucleus.Enhancer] - Class "com.glproject.map_tagger.dao.Map" is already enhanced.
22:08:00,491 (main) INFO  [DataNucleus.Enhancer] - Class "com.glproject.map_tagger.dao.Place" is already enhanced.
22:08:00,492 (main) INFO  [DataNucleus.Enhancer] - Class "com.glproject.map_tagger.dao.User" is already enhanced.
22:08:00,495 (main) INFO  [DataNucleus.Enhancer] - Class "com.glproject.map_tagger.dao.cont.MapContainer" is already enhanced.
22:08:00,497 (main) INFO  [DataNucleus.Enhancer] - Class "com.glproject.map_tagger.dao.cont.PlaceContainer" is already enhanced.
22:08:00,500 (main) INFO  [DataNucleus.Enhancer] - Class "com.glproject.map_tagger.dao.cont.UserContainer" is already enhanced.
22:08:00,500 (main) INFO  [DataNucleus.Enhancer] - DataNucleus Enhancer completed with success for 6 classes.
22:13:05,006 (main) INFO  [DataNucleus.Enhancer] - DataNucleus Enhancer (version 4.0.3) for API "JDO"
22:13:05,192 (main) INFO  [DataNucleus.Enhancer] - Class "com.glproject.map_tagger.dao.Map" is already enhanced.
22:13:05,194 (main) INFO  [DataNucleus.Enhancer] - Class "com.glproject.map_tagger.dao.Place" is already enhanced.
22:13:05,196 (main) INFO  [DataNucleus.Enhancer] - Class "com.glproject.map_tagger.dao.User" is already enhanced.
22:13:05,198 (main) INFO  [DataNucleus.Enhancer] - Class "com.glproject.map_tagger.dao.cont.MapContainer" is already enhanced.
22:13:05,200 (main) INFO  [DataNucleus.Enhancer] - Class "com.glproject.map_tagger.dao.cont.PlaceContainer" is already enhanced.
22:13:05,202 (main) INFO  [DataNucleus.Enhancer] - Class "com.glproject.map_tagger.dao.cont.UserContainer" is already enhanced.
22:13:05,202 (main) INFO  [DataNucleus.Enhancer] - DataNucleus Enhancer completed with success for 6 classes.
22:15:44,161 (main) INFO  [DataNucleus.Enhancer] - DataNucleus Enhancer (version 4.0.3) for API "JDO"
22:15:44,398 (main) INFO  [DataNucleus.Enhancer] - Class "com.glproject.map_tagger.dao.Map" is already enhanced.
22:15:44,402 (main) INFO  [DataNucleus.Enhancer] - Class "com.glproject.map_tagger.dao.Place" is already enhanced.
22:15:44,404 (main) INFO  [DataNucleus.Enhancer] - Class "com.glproject.map_tagger.dao.User" is already enhanced.
22:15:44,409 (main) INFO  [DataNucleus.Enhancer] - Class "com.glproject.map_tagger.dao.cont.MapContainer" is already enhanced.
22:15:44,414 (main) INFO  [DataNucleus.Enhancer] - Class "com.glproject.map_tagger.dao.cont.PlaceContainer" is already enhanced.
22:15:44,417 (main) INFO  [DataNucleus.Enhancer] - Class "com.glproject.map_tagger.dao.cont.UserContainer" is already enhanced.
22:15:44,418 (main) INFO  [DataNucleus.Enhancer] - DataNucleus Enhancer completed with success for 6 classes.
22:25:06,536 (main) INFO  [DataNucleus.Enhancer] - DataNucleus Enhancer (version 4.0.3) for API "JDO"
22:25:06,711 (main) INFO  [DataNucleus.Enhancer] - Class "com.glproject.map_tagger.dao.Map" is already enhanced.
22:25:06,713 (main) INFO  [DataNucleus.Enhancer] - Class "com.glproject.map_tagger.dao.Place" is already enhanced.
22:25:06,715 (main) INFO  [DataNucleus.Enhancer] - Class "com.glproject.map_tagger.dao.User" is already enhanced.
22:25:06,716 (main) INFO  [DataNucleus.Enhancer] - Class "com.glproject.map_tagger.dao.cont.MapContainer" is already enhanced.
22:25:06,718 (main) INFO  [DataNucleus.Enhancer] - Class "com.glproject.map_tagger.dao.cont.PlaceContainer" is already enhanced.
22:25:06,719 (main) INFO  [DataNucleus.Enhancer] - Class "com.glproject.map_tagger.dao.cont.UserContainer" is already enhanced.
22:25:06,720 (main) INFO  [DataNucleus.Enhancer] - DataNucleus Enhancer completed with success for 6 classes.
22:25:46,635 (main) INFO  [DataNucleus.Enhancer] - DataNucleus Enhancer (version 4.0.3) for API "JDO"
22:25:46,817 (main) INFO  [DataNucleus.Enhancer] - Class "com.glproject.map_tagger.dao.Map" is already enhanced.
22:25:46,820 (main) INFO  [DataNucleus.Enhancer] - Class "com.glproject.map_tagger.dao.Place" is already enhanced.
22:25:46,821 (main) INFO  [DataNucleus.Enhancer] - Class "com.glproject.map_tagger.dao.User" is already enhanced.
22:25:46,823 (main) INFO  [DataNucleus.Enhancer] - Class "com.glproject.map_tagger.dao.cont.MapContainer" is already enhanced.
22:25:46,825 (main) INFO  [DataNucleus.Enhancer] - Class "com.glproject.map_tagger.dao.cont.PlaceContainer" is already enhanced.
22:25:46,826 (main) INFO  [DataNucleus.Enhancer] - Class "com.glproject.map_tagger.dao.cont.UserContainer" is already enhanced.
22:25:46,827 (main) INFO  [DataNucleus.Enhancer] - DataNucleus Enhancer completed with success for 6 classes.
22:27:49,364 (main) INFO  [DataNucleus.Enhancer] - DataNucleus Enhancer (version 4.0.3) for API "JDO"
22:27:49,553 (main) INFO  [DataNucleus.Enhancer] - Class "com.glproject.map_tagger.dao.Map" is already enhanced.
22:27:49,555 (main) INFO  [DataNucleus.Enhancer] - Class "com.glproject.map_tagger.dao.Place" is already enhanced.
22:27:49,556 (main) INFO  [DataNucleus.Enhancer] - Class "com.glproject.map_tagger.dao.User" is already enhanced.
22:27:49,558 (main) INFO  [DataNucleus.Enhancer] - Class "com.glproject.map_tagger.dao.cont.MapContainer" is already enhanced.
22:27:49,559 (main) INFO  [DataNucleus.Enhancer] - Class "com.glproject.map_tagger.dao.cont.PlaceContainer" is already enhanced.
22:27:49,561 (main) INFO  [DataNucleus.Enhancer] - Class "com.glproject.map_tagger.dao.cont.UserContainer" is already enhanced.
22:27:49,561 (main) INFO  [DataNucleus.Enhancer] - DataNucleus Enhancer completed with success for 6 classes.
22:43:57,711 (main) INFO  [DataNucleus.Enhancer] - DataNucleus Enhancer (version 4.0.3) for API "JDO"
22:43:57,824 (main) INFO  [DataNucleus.Enhancer] - Class "com.glproject.map_tagger.dao.Map" is already enhanced.
22:43:57,825 (main) INFO  [DataNucleus.Enhancer] - Class "com.glproject.map_tagger.dao.Place" is already enhanced.
22:43:57,826 (main) INFO  [DataNucleus.Enhancer] - Class "com.glproject.map_tagger.dao.User" is already enhanced.
22:43:57,828 (main) INFO  [DataNucleus.Enhancer] - Class "com.glproject.map_tagger.dao.cont.MapContainer" is already enhanced.
22:43:57,829 (main) INFO  [DataNucleus.Enhancer] - Class "com.glproject.map_tagger.dao.cont.PlaceContainer" is already enhanced.
22:43:57,830 (main) INFO  [DataNucleus.Enhancer] - Class "com.glproject.map_tagger.dao.cont.UserContainer" is already enhanced.
22:43:57,830 (main) INFO  [DataNucleus.Enhancer] - DataNucleus Enhancer completed with success for 6 classes.
22:48:45,972 (main) INFO  [DataNucleus.Enhancer] - DataNucleus Enhancer (version 4.0.3) for API "JDO"
22:48:46,083 (main) INFO  [DataNucleus.Enhancer] - Class "com.glproject.map_tagger.dao.Map" is already enhanced.
22:48:46,085 (main) INFO  [DataNucleus.Enhancer] - Class "com.glproject.map_tagger.dao.Place" is already enhanced.
22:48:46,085 (main) INFO  [DataNucleus.Enhancer] - Class "com.glproject.map_tagger.dao.User" is already enhanced.
22:48:46,087 (main) INFO  [DataNucleus.Enhancer] - Class "com.glproject.map_tagger.dao.cont.MapContainer" is already enhanced.
22:48:46,088 (main) INFO  [DataNucleus.Enhancer] - Class "com.glproject.map_tagger.dao.cont.PlaceContainer" is already enhanced.
22:48:46,089 (main) INFO  [DataNucleus.Enhancer] - Class "com.glproject.map_tagger.dao.cont.UserContainer" is already enhanced.
22:48:46,089 (main) INFO  [DataNucleus.Enhancer] - DataNucleus Enhancer completed with success for 6 classes.
13:39:32,735 (main) INFO  [DataNucleus.Enhancer] - DataNucleus Enhancer (version 4.0.3) for API "JDO"
13:39:32,976 (main) INFO  [DataNucleus.Enhancer] - Class "com.glproject.map_tagger.dao.Map" is already enhanced.
13:39:32,977 (main) INFO  [DataNucleus.Enhancer] - Class "com.glproject.map_tagger.dao.Place" is already enhanced.
13:39:32,978 (main) INFO  [DataNucleus.Enhancer] - Class "com.glproject.map_tagger.dao.User" is already enhanced.
13:39:32,979 (main) INFO  [DataNucleus.Enhancer] - Class "com.glproject.map_tagger.dao.cont.MapContainer" is already enhanced.
13:39:32,980 (main) INFO  [DataNucleus.Enhancer] - Class "com.glproject.map_tagger.dao.cont.PlaceContainer" is already enhanced.
13:39:32,982 (main) INFO  [DataNucleus.Enhancer] - Class "com.glproject.map_tagger.dao.cont.UserContainer" is already enhanced.
13:39:32,982 (main) INFO  [DataNucleus.Enhancer] - DataNucleus Enhancer completed with success for 6 classes.
13:40:18,612 (main) INFO  [DataNucleus.Enhancer] - DataNucleus Enhancer (version 4.0.3) for API "JDO"
13:40:18,813 (main) INFO  [DataNucleus.Enhancer] - Class "com.glproject.map_tagger.dao.Map" is already enhanced.
13:40:18,814 (main) INFO  [DataNucleus.Enhancer] - Class "com.glproject.map_tagger.dao.Place" is already enhanced.
13:40:18,815 (main) INFO  [DataNucleus.Enhancer] - Class "com.glproject.map_tagger.dao.User" is already enhanced.
13:40:18,817 (main) INFO  [DataNucleus.Enhancer] - Class "com.glproject.map_tagger.dao.cont.MapContainer" is already enhanced.
13:40:18,818 (main) INFO  [DataNucleus.Enhancer] - Class "com.glproject.map_tagger.dao.cont.PlaceContainer" is already enhanced.
13:40:18,820 (main) INFO  [DataNucleus.Enhancer] - Class "com.glproject.map_tagger.dao.cont.UserContainer" is already enhanced.
13:40:18,820 (main) INFO  [DataNucleus.Enhancer] - DataNucleus Enhancer completed with success for 6 classes.
13:40:34,180 (main) INFO  [DataNucleus.Enhancer] - DataNucleus Enhancer (version 4.0.3) for API "JDO"
13:40:34,382 (main) INFO  [DataNucleus.Enhancer] - Class "com.glproject.map_tagger.dao.Map" is already enhanced.
13:40:34,384 (main) INFO  [DataNucleus.Enhancer] - Class "com.glproject.map_tagger.dao.Place" is already enhanced.
13:40:34,385 (main) INFO  [DataNucleus.Enhancer] - Class "com.glproject.map_tagger.dao.User" is already enhanced.
13:40:34,386 (main) INFO  [DataNucleus.Enhancer] - Class "com.glproject.map_tagger.dao.cont.MapContainer" is already enhanced.
13:40:34,387 (main) INFO  [DataNucleus.Enhancer] - Class "com.glproject.map_tagger.dao.cont.PlaceContainer" is already enhanced.
13:40:34,389 (main) INFO  [DataNucleus.Enhancer] - Class "com.glproject.map_tagger.dao.cont.UserContainer" is already enhanced.
13:40:34,390 (main) INFO  [DataNucleus.Enhancer] - DataNucleus Enhancer completed with success for 6 classes.
13:40:52,918 (main) INFO  [DataNucleus.Enhancer] - DataNucleus Enhancer (version 4.0.3) for API "JDO"
13:40:53,058 (main) INFO  [DataNucleus.Enhancer] - Class "com.glproject.map_tagger.dao.Map" is already enhanced.
13:40:53,059 (main) INFO  [DataNucleus.Enhancer] - Class "com.glproject.map_tagger.dao.Place" is already enhanced.
13:40:53,059 (main) INFO  [DataNucleus.Enhancer] - Class "com.glproject.map_tagger.dao.User" is already enhanced.
13:40:53,061 (main) INFO  [DataNucleus.Enhancer] - Class "com.glproject.map_tagger.dao.cont.MapContainer" is already enhanced.
13:40:53,062 (main) INFO  [DataNucleus.Enhancer] - Class "com.glproject.map_tagger.dao.cont.PlaceContainer" is already enhanced.
13:40:53,064 (main) INFO  [DataNucleus.Enhancer] - Class "com.glproject.map_tagger.dao.cont.UserContainer" is already enhanced.
13:40:53,064 (main) INFO  [DataNucleus.Enhancer] - DataNucleus Enhancer completed with success for 6 classes.
13:41:03,612 (main) INFO  [DataNucleus.Enhancer] - DataNucleus Enhancer (version 4.0.3) for API "JDO"
13:41:03,781 (main) INFO  [DataNucleus.Enhancer] - Class "com.glproject.map_tagger.dao.Map" is already enhanced.
13:41:03,782 (main) INFO  [DataNucleus.Enhancer] - Class "com.glproject.map_tagger.dao.Place" is already enhanced.
13:41:03,783 (main) INFO  [DataNucleus.Enhancer] - Class "com.glproject.map_tagger.dao.User" is already enhanced.
13:41:03,785 (main) INFO  [DataNucleus.Enhancer] - Class "com.glproject.map_tagger.dao.cont.MapContainer" is already enhanced.
13:41:03,786 (main) INFO  [DataNucleus.Enhancer] - Class "com.glproject.map_tagger.dao.cont.PlaceContainer" is already enhanced.
13:41:03,788 (main) INFO  [DataNucleus.Enhancer] - Class "com.glproject.map_tagger.dao.cont.UserContainer" is already enhanced.
13:41:03,788 (main) INFO  [DataNucleus.Enhancer] - DataNucleus Enhancer completed with success for 6 classes.
13:42:53,352 (main) INFO  [DataNucleus.Enhancer] - DataNucleus Enhancer (version 4.0.3) for API "JDO"
13:42:53,742 (main) INFO  [DataNucleus.Enhancer] - Class "com.glproject.map_tagger.dao.Map" is already enhanced.
13:42:53,743 (main) INFO  [DataNucleus.Enhancer] - Class "com.glproject.map_tagger.dao.Place" is already enhanced.
13:42:53,745 (main) INFO  [DataNucleus.Enhancer] - Class "com.glproject.map_tagger.dao.User" is already enhanced.
13:42:53,748 (main) INFO  [DataNucleus.Enhancer] - Class "com.glproject.map_tagger.dao.cont.MapContainer" is already enhanced.
13:42:53,750 (main) INFO  [DataNucleus.Enhancer] - Class "com.glproject.map_tagger.dao.cont.PlaceContainer" is already enhanced.
13:42:53,753 (main) INFO  [DataNucleus.Enhancer] - Class "com.glproject.map_tagger.dao.cont.UserContainer" is already enhanced.
13:42:53,753 (main) INFO  [DataNucleus.Enhancer] - DataNucleus Enhancer completed with success for 6 classes.
13:36:31,219 (main) INFO  [DataNucleus.Enhancer] - DataNucleus Enhancer (version 4.0.3) for API "JDO"
13:36:31,420 (main) INFO  [DataNucleus.Enhancer] - Class "com.glproject.map_tagger.dao.Map" is already enhanced.
13:36:31,422 (main) INFO  [DataNucleus.Enhancer] - Class "com.glproject.map_tagger.dao.Place" is already enhanced.
13:36:31,423 (main) INFO  [DataNucleus.Enhancer] - Class "com.glproject.map_tagger.dao.User" is already enhanced.
13:36:31,425 (main) INFO  [DataNucleus.Enhancer] - Class "com.glproject.map_tagger.dao.cont.MapContainer" is already enhanced.
13:36:31,427 (main) INFO  [DataNucleus.Enhancer] - Class "com.glproject.map_tagger.dao.cont.PlaceContainer" is already enhanced.
13:36:31,428 (main) INFO  [DataNucleus.Enhancer] - Class "com.glproject.map_tagger.dao.cont.UserContainer" is already enhanced.
13:36:31,428 (main) INFO  [DataNucleus.Enhancer] - DataNucleus Enhancer completed with success for 6 classes.
14:17:46,236 (main) INFO  [DataNucleus.Enhancer] - DataNucleus Enhancer (version 4.0.3) for API "JDO"
14:17:46,436 (main) INFO  [DataNucleus.Enhancer] - Writing class file "D:\EIDD\Genie Logiciel\TP\Map-Tagger\target\classes\com\glproject\map_tagger\dao\Map.class" with enhanced definition
14:17:46,441 (main) INFO  [DataNucleus.Enhancer] - Writing class file "D:\EIDD\Genie Logiciel\TP\Map-Tagger\target\classes\com\glproject\map_tagger\dao\Place.class" with enhanced definition
14:17:46,447 (main) INFO  [DataNucleus.Enhancer] - Writing class file "D:\EIDD\Genie Logiciel\TP\Map-Tagger\target\classes\com\glproject\map_tagger\dao\User.class" with enhanced definition
14:17:46,452 (main) INFO  [DataNucleus.Enhancer] - Writing class file "D:\EIDD\Genie Logiciel\TP\Map-Tagger\target\classes\com\glproject\map_tagger\dao\cont\MapContainer.class" with enhanced definition
14:17:46,457 (main) INFO  [DataNucleus.Enhancer] - Writing class file "D:\EIDD\Genie Logiciel\TP\Map-Tagger\target\classes\com\glproject\map_tagger\dao\cont\PlaceContainer.class" with enhanced definition
14:17:46,460 (main) INFO  [DataNucleus.Enhancer] - Writing class file "D:\EIDD\Genie Logiciel\TP\Map-Tagger\target\classes\com\glproject\map_tagger\dao\cont\UserContainer.class" with enhanced definition
14:17:46,460 (main) INFO  [DataNucleus.Enhancer] - DataNucleus Enhancer completed with success for 6 classes.
14:19:50,137 (main) INFO  [DataNucleus.Enhancer] - DataNucleus Enhancer (version 4.0.3) for API "JDO"
14:19:50,282 (main) INFO  [DataNucleus.Enhancer] - Writing class file "D:\EIDD\Genie Logiciel\TP\Map-Tagger\target\classes\com\glproject\map_tagger\dao\Map.class" with enhanced definition
14:19:50,287 (main) INFO  [DataNucleus.Enhancer] - Writing class file "D:\EIDD\Genie Logiciel\TP\Map-Tagger\target\classes\com\glproject\map_tagger\dao\Place.class" with enhanced definition
14:19:50,292 (main) INFO  [DataNucleus.Enhancer] - Writing class file "D:\EIDD\Genie Logiciel\TP\Map-Tagger\target\classes\com\glproject\map_tagger\dao\User.class" with enhanced definition
14:19:50,295 (main) INFO  [DataNucleus.Enhancer] - Writing class file "D:\EIDD\Genie Logiciel\TP\Map-Tagger\target\classes\com\glproject\map_tagger\dao\cont\MapContainer.class" with enhanced definition
14:19:50,298 (main) INFO  [DataNucleus.Enhancer] - Writing class file "D:\EIDD\Genie Logiciel\TP\Map-Tagger\target\classes\com\glproject\map_tagger\dao\cont\PlaceContainer.class" with enhanced definition
14:19:50,302 (main) INFO  [DataNucleus.Enhancer] - Writing class file "D:\EIDD\Genie Logiciel\TP\Map-Tagger\target\classes\com\glproject\map_tagger\dao\cont\UserContainer.class" with enhanced definition
14:19:50,302 (main) INFO  [DataNucleus.Enhancer] - DataNucleus Enhancer completed with success for 6 classes.
19:41:58,658 (main) INFO  [DataNucleus.Enhancer] - DataNucleus Enhancer (version 4.0.3) for API "JDO"
19:41:59,070 (main) INFO  [DataNucleus.Enhancer] - Class "com.glproject.map_tagger.dao.Map" is already enhanced.
19:41:59,071 (main) INFO  [DataNucleus.Enhancer] - Class "com.glproject.map_tagger.dao.Place" is already enhanced.
19:41:59,073 (main) INFO  [DataNucleus.Enhancer] - Class "com.glproject.map_tagger.dao.User" is already enhanced.
19:41:59,075 (main) INFO  [DataNucleus.Enhancer] - Class "com.glproject.map_tagger.dao.cont.MapContainer" is already enhanced.
19:41:59,076 (main) INFO  [DataNucleus.Enhancer] - Class "com.glproject.map_tagger.dao.cont.PlaceContainer" is already enhanced.
19:41:59,078 (main) INFO  [DataNucleus.Enhancer] - Class "com.glproject.map_tagger.dao.cont.UserContainer" is already enhanced.
19:41:59,079 (main) INFO  [DataNucleus.Enhancer] - DataNucleus Enhancer completed with success for 6 classes.
19:41:59,566 (main) INFO  [DataNucleus.Enhancer] - DataNucleus Enhancer (version 4.0.3) for API "JDO"
19:42:00,060 (main) INFO  [DataNucleus.Enhancer] - Class "com.glproject.map_tagger.dao.Map" is already enhanced.
19:42:00,063 (main) INFO  [DataNucleus.Enhancer] - Class "com.glproject.map_tagger.dao.Place" is already enhanced.
19:42:00,064 (main) INFO  [DataNucleus.Enhancer] - Class "com.glproject.map_tagger.dao.User" is already enhanced.
19:42:00,066 (main) INFO  [DataNucleus.Enhancer] - Class "com.glproject.map_tagger.dao.cont.MapContainer" is already enhanced.
19:42:00,067 (main) INFO  [DataNucleus.Enhancer] - Class "com.glproject.map_tagger.dao.cont.PlaceContainer" is already enhanced.
19:42:00,069 (main) INFO  [DataNucleus.Enhancer] - Class "com.glproject.map_tagger.dao.cont.UserContainer" is already enhanced.
19:42:00,069 (main) INFO  [DataNucleus.Enhancer] - DataNucleus Enhancer completed with success for 6 classes.
11:08:59,016 (main) INFO  [DataNucleus.Enhancer] - DataNucleus Enhancer (version 4.0.3) for API "JDO"
11:08:59,184 (main) INFO  [DataNucleus.Enhancer] - Writing class file "D:\EIDD\Genie Logiciel\TP\Map-Tagger\target\classes\com\glproject\map_tagger\dao\Map.class" with enhanced definition
11:08:59,190 (main) INFO  [DataNucleus.Enhancer] - Writing class file "D:\EIDD\Genie Logiciel\TP\Map-Tagger\target\classes\com\glproject\map_tagger\dao\Place.class" with enhanced definition
11:08:59,209 (main) INFO  [DataNucleus.Enhancer] - Writing class file "D:\EIDD\Genie Logiciel\TP\Map-Tagger\target\classes\com\glproject\map_tagger\dao\User.class" with enhanced definition
11:08:59,213 (main) INFO  [DataNucleus.Enhancer] - Writing class file "D:\EIDD\Genie Logiciel\TP\Map-Tagger\target\classes\com\glproject\map_tagger\dao\cont\MapContainer.class" with enhanced definition
11:08:59,217 (main) INFO  [DataNucleus.Enhancer] - Writing class file "D:\EIDD\Genie Logiciel\TP\Map-Tagger\target\classes\com\glproject\map_tagger\dao\cont\PlaceContainer.class" with enhanced definition
11:08:59,220 (main) INFO  [DataNucleus.Enhancer] - Writing class file "D:\EIDD\Genie Logiciel\TP\Map-Tagger\target\classes\com\glproject\map_tagger\dao\cont\UserContainer.class" with enhanced definition
11:08:59,221 (main) INFO  [DataNucleus.Enhancer] - DataNucleus Enhancer completed with success for 6 classes.
